<?xml version="1.0" encoding="UTF-8"?>
<coverage generated="1626858596387" clover="3.2.0">
  <project timestamp="1626858596387" name="All files">
    <metrics statements="8" coveredstatements="0" conditionals="0" coveredconditionals="0" methods="0" coveredmethods="0" elements="8" coveredelements="0" complexity="0" loc="8" ncloc="8" packages="2" files="3" classes="3"/>
    <package name="components">
      <metrics statements="6" coveredstatements="0" conditionals="0" coveredconditionals="0" methods="0" coveredmethods="0"/>
      <file name="ExampleComponent.vue" path="C:\Users\User\Documents\Kuliah Thingy\Kerja Praktik\Learning GraphQL\try-new\src\components\ExampleComponent.vue">
        <metrics statements="6" coveredstatements="0" conditionals="0" coveredconditionals="0" methods="0" coveredmethods="0"/>
        <line num="49" count="0" type="stmt"/>
        <line num="50" count="0" type="stmt"/>
        <line num="51" count="0" type="stmt"/>
        <line num="52" count="0" type="stmt"/>
        <line num="53" count="0" type="stmt"/>
        <line num="54" count="0" type="stmt"/>
      </file>
    </package>
    <package name="views">
      <metrics statements="2" coveredstatements="0" conditionals="0" coveredconditionals="0" methods="0" coveredmethods="0"/>
      <file name="About.vue" path="C:\Users\User\Documents\Kuliah Thingy\Kerja Praktik\Learning GraphQL\try-new\src\views\About.vue">
        <metrics statements="1" coveredstatements="0" conditionals="0" coveredconditionals="0" methods="0" coveredmethods="0"/>
        <line num="8" count="0" type="stmt"/>
      </file>
      <file name="Home.vue" path="C:\Users\User\Documents\Kuliah Thingy\Kerja Praktik\Learning GraphQL\try-new\src\views\Home.vue">
        <metrics statements="1" coveredstatements="0" conditionals="0" coveredconditionals="0" methods="0" coveredmethods="0"/>
        <line num="10" count="0" type="stmt"/>
      </file>
    </package>
  </project>
</coverage>
