{"C:\\Users\\User\\Documents\\Kuliah Thingy\\Kerja Praktik\\Learning GraphQL\\try-new\\src\\components\\ExampleComponent.vue": {"path":"C:\\Users\\User\\Documents\\Kuliah Thingy\\Kerja Praktik\\Learning GraphQL\\try-new\\src\\components\\ExampleComponent.vue","statementMap":{"0":{"start":{"line":49,"column":0},"end":{"line":49,"column":null}},"1":{"start":{"line":50,"column":0},"end":{"line":50,"column":null}},"2":{"start":{"line":51,"column":0},"end":{"line":51,"column":null}},"3":{"start":{"line":52,"column":0},"end":{"line":52,"column":null}},"4":{"start":{"line":53,"column":0},"end":{"line":53,"column":null}},"5":{"start":{"line":54,"column":0},"end":{"line":54,"column":null}}},"fnMap":{},"branchMap":{},"s":{"0":0,"1":0,"2":0,"3":0,"4":0,"5":0},"f":{},"b":{}}
,"C:\\Users\\User\\Documents\\Kuliah Thingy\\Kerja Praktik\\Learning GraphQL\\try-new\\src\\views\\About.vue": {"path":"C:\\Users\\User\\Documents\\Kuliah Thingy\\Kerja Praktik\\Learning GraphQL\\try-new\\src\\views\\About.vue","statementMap":{"0":{"start":{"line":8,"column":0},"end":{"line":8,"column":null}}},"fnMap":{},"branchMap":{},"s":{"0":0},"f":{},"b":{}}
,"C:\\Users\\User\\Documents\\Kuliah Thingy\\Kerja Praktik\\Learning GraphQL\\try-new\\src\\views\\Home.vue": {"path":"C:\\Users\\User\\Documents\\Kuliah Thingy\\Kerja Praktik\\Learning GraphQL\\try-new\\src\\views\\Home.vue","statementMap":{"0":{"start":{"line":10,"column":0},"end":{"line":10,"column":null}}},"fnMap":{},"branchMap":{},"s":{"0":0},"f":{},"b":{}}
}
