TN:
SF:C:\Users\User\Documents\Kuliah Thingy\Kerja Praktik\Learning GraphQL\try-new\src\components\ExampleComponent.vue
FNF:0
FNH:0
DA:49,0
DA:50,0
DA:51,0
DA:52,0
DA:53,0
DA:54,0
LF:6
LH:0
BRF:0
BRH:0
end_of_record
TN:
SF:C:\Users\User\Documents\Kuliah Thingy\Kerja Praktik\Learning GraphQL\try-new\src\views\About.vue
FNF:0
FNH:0
DA:8,0
LF:1
LH:0
BRF:0
BRH:0
end_of_record
TN:
SF:C:\Users\User\Documents\Kuliah Thingy\Kerja Praktik\Learning GraphQL\try-new\src\views\Home.vue
FNF:0
FNH:0
DA:10,0
LF:1
LH:0
BRF:0
BRH:0
end_of_record
